<?xml version="1.0" encoding="UTF-8"?>
<!-- Generated by org.testng.reporters.JUnitXMLReporter -->
<testsuite ignored="2" hostname="DESKTOP-22IL9GP" failures="0" tests="2" name="Test" time="0.071" errors="0" timestamp="2023-05-13T22:51:53 IST">
  <testcase classname="testNG.ClassE" name="b" time="0.011"/>
  <testcase classname="testNG.ClassE" name="c" time="0.002"/>
  <testcase classname="testNG.ClassE" name="a" time="0.0">
    <ignored/>
  </testcase> <!-- a -->
  <testcase classname="testNG.ClassE" name="d" time="0.0">
    <ignored/>
  </testcase> <!-- d -->
</testsuite> <!-- Test -->
