<?xml version="1.0" encoding="UTF-8"?>
<testng-results ignored="0" total="2" passed="2" failed="0" skipped="0">
  <reporter-output>
  </reporter-output>
  <suite started-at="2023-05-15T21:16:28 IST" name="Suite" finished-at="2023-05-15T21:16:51 IST" duration-ms="22908">
    <groups>
    </groups>
    <test started-at="2023-05-15T21:16:28 IST" name="Test1" finished-at="2023-05-15T21:16:46 IST" duration-ms="17850">
      <class name="_____practice_____.CrossBrowserTestingWithTestng">
        <test-method signature="demo(java.lang.String)[pri:0, instance:_____practice_____.CrossBrowserTestingWithTestng@503d687a]" started-at="2023-05-15T21:16:28 IST" name="demo" finished-at="2023-05-15T21:16:46 IST" duration-ms="17788" status="PASS">
          <params>
            <param index="0">
              <value>
                <![CDATA[edge]]>
              </value>
            </param>
          </params>
          <reporter-output>
          </reporter-output>
        </test-method> <!-- demo -->
      </class> <!-- _____practice_____.CrossBrowserTestingWithTestng -->
    </test> <!-- Test1 -->
    <test started-at="2023-05-15T21:16:28 IST" name="Test2" finished-at="2023-05-15T21:16:51 IST" duration-ms="22907">
      <class name="_____practice_____.CrossBrowserTestingWithTestng">
        <test-method signature="demo(java.lang.String)[pri:0, instance:_____practice_____.CrossBrowserTestingWithTestng@ea6147e]" started-at="2023-05-15T21:16:28 IST" name="demo" finished-at="2023-05-15T21:16:51 IST" duration-ms="22853" status="PASS">
          <params>
            <param index="0">
              <value>
                <![CDATA[firefox]]>
              </value>
            </param>
          </params>
          <reporter-output>
          </reporter-output>
        </test-method> <!-- demo -->
      </class> <!-- _____practice_____.CrossBrowserTestingWithTestng -->
    </test> <!-- Test2 -->
  </suite> <!-- Suite -->
</testng-results>
